<?xml version="1.0" encoding="UTF-8"?>
<!-- Generated by org.testng.reporters.JUnitXMLReporter -->
<testsuite ignored="0" hostname="LAPTOP-2GS0B1AU" failures="0" tests="2" name="Default test" time="8.863" errors="0" timestamp="2022-06-27T17:51:43 CEST">
  <testcase classname="Comments.CommentsTest" name="Given_PostId_When_Retrieve_Comments_Then_Comments_PerPost_Listed" time="6.7"/>
  <testcase classname="Comments.CommentsTest" name="When_Retrieve_Commands_Then_All_Comments_Listed" time="0.363"/>
</testsuite> <!-- Default test -->
