<?xml version="1.0" encoding="UTF-8"?>
<!-- Generated by org.testng.reporters.JUnitXMLReporter -->
<testsuite ignored="0" hostname="LAPTOP-2GS0B1AU" failures="0" tests="10" name="Test" time="10.805" errors="0" timestamp="2022-06-27T17:52:13 CEST">
  <testcase classname="Users.UserTest" name="Given_Invalid_Username_When_Retrieve_Users_Then_Empty_Response_Received" time="3.007"/>
  <testcase classname="Users.UserTest" name="Given_Valid_Username_When_Retrieve_Users_Then_Valid_User_Listed" time="0.369"/>
  <testcase classname="Users.UserTest" name="When_Retrieve_Users_Then_Users_Listed" time="0.2"/>
  <testcase classname="Comments.CommentsTest" name="Given_PostId_When_Retrieve_Comments_Then_Comments_PerPost_Listed" time="2.76"/>
  <testcase classname="Comments.CommentsTest" name="When_Retrieve_Commands_Then_All_Comments_Listed" time="0.463"/>
  <testcase classname="Posts.PostsTest" name="Given_Invalid_PostId_When_Retrieve_Posts_Then_NotFound_Error_Displayed" time="1.24"/>
  <testcase classname="Posts.PostsTest" name="Given_Invalid_UserId_When_Retrieve_Posts_Then_Empty_Response_Listed" time="0.332"/>
  <testcase classname="Posts.PostsTest" name="Given_Valid_PostId_When_Retrieve_Comments_Then_Comments_Per_PostId_Retrieved" time="0.323"/>
  <testcase classname="Posts.PostsTest" name="Given_Valid_UserId_When_Retrieve_Posts_Then_Posts_Per_User_Listed" time="0.185"/>
  <testcase classname="Posts.PostsTest" name="When_Retrieve_Posts_Then_All_Posts_Listed" time="0.132"/>
</testsuite> <!-- Test -->
